<?xml version="1.0" encoding="UTF-8"?>
<!-- Generated by org.testng.reporters.JUnitXMLReporter -->
<testsuite hostname="DESKTOP-PC46FNP" ignored="0" name="Testtry" tests="13" failures="0" timestamp="09 Jul 2021 09:58:08 GMT" time="14.733" errors="0">
  <testcase name="@BeforeTest launchBrowser" time="14.265" classname="org.testng.NewTest">
    <failure type="org.openqa.selenium.WebDriverException" message="unknown error: net::ERR_INTERNET_DISCONNECTED
  (Session info: chrome=91.0.4472.124)
Build info: version: &amp;apos;3.141.59&amp;apos;, revision: &amp;apos;e82be7d358&amp;apos;, time: &amp;apos;2018-11-14T08:17:03&amp;apos;
System info: host: &amp;apos;DESKTOP-PC46FNP&amp;apos;, ip: &amp;apos;127.0.0.1&amp;apos;, os.name: &amp;apos;Windows 10&amp;apos;, os.arch: &amp;apos;amd64&amp;apos;, os.version: &amp;apos;10.0&amp;apos;, java.version: &amp;apos;1.8.0_281&amp;apos;
Driver info: org.openqa.selenium.chrome.ChromeDriver
Capabilities {acceptInsecureCerts: false, browserName: chrome, browserVersion: 91.0.4472.124, chrome: {chromedriverVersion: 91.0.4472.19 (1bf021f248676..., userDataDir: C:\Users\ARI\AppData\Local\...}, goog:chromeOptions: {debuggerAddress: localhost:55689}, javascriptEnabled: true, networkConnectionEnabled: false, pageLoadStrategy: normal, platform: WINDOWS, platformName: WINDOWS, proxy: Proxy(), setWindowRect: true, strictFileInteractability: false, timeouts: {implicit: 0, pageLoad: 300000, script: 30000}, unhandledPromptBehavior: dismiss and notify, webauthn:extension:largeBlob: true, webauthn:virtualAuthenticators: true}
Session ID: feb16c4155472556b4430084cb71a0f8">
      <![CDATA[org.openqa.selenium.WebDriverException: unknown error: net::ERR_INTERNET_DISCONNECTED
  (Session info: chrome=91.0.4472.124)
Build info: version: '3.141.59', revision: 'e82be7d358', time: '2018-11-14T08:17:03'
System info: host: 'DESKTOP-PC46FNP', ip: '127.0.0.1', os.name: 'Windows 10', os.arch: 'amd64', os.version: '10.0', java.version: '1.8.0_281'
Driver info: org.openqa.selenium.chrome.ChromeDriver
Capabilities {acceptInsecureCerts: false, browserName: chrome, browserVersion: 91.0.4472.124, chrome: {chromedriverVersion: 91.0.4472.19 (1bf021f248676..., userDataDir: C:\Users\ARI\AppData\Local\...}, goog:chromeOptions: {debuggerAddress: localhost:55689}, javascriptEnabled: true, networkConnectionEnabled: false, pageLoadStrategy: normal, platform: WINDOWS, platformName: WINDOWS, proxy: Proxy(), setWindowRect: true, strictFileInteractability: false, timeouts: {implicit: 0, pageLoad: 300000, script: 30000}, unhandledPromptBehavior: dismiss and notify, webauthn:extension:largeBlob: true, webauthn:virtualAuthenticators: true}
Session ID: feb16c4155472556b4430084cb71a0f8
at org.openqa.selenium.remote.http.W3CHttpResponseCodec.createException(W3CHttpResponseCodec.java:187)
at org.openqa.selenium.remote.http.W3CHttpResponseCodec.decode(W3CHttpResponseCodec.java:122)
at org.openqa.selenium.remote.http.W3CHttpResponseCodec.decode(W3CHttpResponseCodec.java:49)
at org.openqa.selenium.remote.HttpCommandExecutor.execute(HttpCommandExecutor.java:158)
at org.openqa.selenium.remote.service.DriverCommandExecutor.execute(DriverCommandExecutor.java:83)
at org.openqa.selenium.remote.RemoteWebDriver.execute(RemoteWebDriver.java:552)
at org.openqa.selenium.remote.RemoteWebDriver.get(RemoteWebDriver.java:277)
... Removed 29 stack frames]]>
    </failure>
  </testcase> <!-- @BeforeTest launchBrowser -->
  <testcase name="@AfterTest terminateBrowser" time="0.0" classname="org.testng.NewTest">
    <skipped/>
  </testcase> <!-- @AfterTest terminateBrowser -->
  <testcase name="verifyHomepageTitle" time="0.0" classname="org.testng.NewTest">
    <skipped/>
  </testcase> <!-- verifyHomepageTitle -->
  <testcase name="f" time="0.0" classname="org.testng.NewTestpri">
    <skipped/>
  </testcase> <!-- f -->
  <testcase name="f1" time="0.0" classname="org.testng.NewTestpri">
    <skipped/>
  </testcase> <!-- f1 -->
  <testcase name="f2" time="0.0" classname="org.testng.NewTestpri">
    <skipped/>
  </testcase> <!-- f2 -->
  <testcase name="f3" time="0.0" classname="org.testng.NewTestpri">
    <skipped/>
  </testcase> <!-- f3 -->
  <testcase name="f4" time="0.0" classname="org.testng.NewTestpri">
    <skipped/>
  </testcase> <!-- f4 -->
  <testcase name="f5" time="0.0" classname="org.testng.NewTestpri">
    <skipped/>
  </testcase> <!-- f5 -->
  <testcase name="f" time="0.0" classname="org.testng.Testngsir">
    <skipped/>
  </testcase> <!-- f -->
  <testcase name="f11" time="0.0" classname="org.testng.Testngsir">
    <skipped/>
  </testcase> <!-- f11 -->
  <testcase name="f12" time="0.0" classname="org.testng.Testngsir">
    <skipped/>
  </testcase> <!-- f12 -->
  <testcase name="f13" time="0.0" classname="org.testng.Testngsir">
    <skipped/>
  </testcase> <!-- f13 -->
  <testcase name="f14" time="0.0" classname="org.testng.Testngsir">
    <skipped/>
  </testcase> <!-- f14 -->
  <testcase name="f15" time="0.0" classname="org.testng.Testngsir">
    <skipped/>
  </testcase> <!-- f15 -->
</testsuite> <!-- Testtry -->
